<?xml version="1.0" encoding="UTF-8"?>
<!-- Generated by org.testng.reporters.JUnitXMLReporter -->
<testsuite ignored="0" hostname="Yogendra" failures="0" tests="6" name="Test" time="30.986" errors="0" timestamp="2024-04-15T10:58:02 EDT">
  <testcase classname="resolver.tests.BaseTest" name="@BeforeMethod setUp" time="5.568">
    <failure type="org.openqa.selenium.remote.http.ConnectionFailedException" message="Unable to establish websocket connection to http://localhost:57251/devtools/browser/685fd6cd-493f-4aee-86d9-91df5d58d46b
Build info: version: &amp;apos;4.0.0&amp;apos;, revision: &amp;apos;3a21814679&amp;apos;
System info: host: &amp;apos;YOGENDRA&amp;apos;, ip: &amp;apos;192.168.2.26&amp;apos;, os.name: &amp;apos;Windows 11&amp;apos;, os.arch: &amp;apos;amd64&amp;apos;, os.version: &amp;apos;10.0&amp;apos;, java.version: &amp;apos;22&amp;apos;
Driver info: driver.version: ChromeDriver">
      <![CDATA[org.openqa.selenium.remote.http.ConnectionFailedException: Unable to establish websocket connection to http://localhost:57251/devtools/browser/685fd6cd-493f-4aee-86d9-91df5d58d46b
Build info: version: '4.0.0', revision: '3a21814679'
System info: host: 'YOGENDRA', ip: '192.168.2.26', os.name: 'Windows 11', os.arch: 'amd64', os.version: '10.0', java.version: '22'
Driver info: driver.version: ChromeDriver
at org.openqa.selenium.remote.http.netty.NettyWebSocket.<init>(NettyWebSocket.java:104)
at org.openqa.selenium.remote.http.netty.NettyWebSocket.lambda$create$3(NettyWebSocket.java:137)
at org.openqa.selenium.remote.http.netty.NettyClient.openSocket(NettyClient.java:127)
at org.openqa.selenium.devtools.Connection.<init>(Connection.java:77)
at org.openqa.selenium.chromium.ChromiumDriver.lambda$new$2(ChromiumDriver.java:124)
at java.base/java.util.Optional.map(Optional.java:260)
at org.openqa.selenium.chromium.ChromiumDriver.<init>(ChromiumDriver.java:122)
at org.openqa.selenium.chrome.ChromeDriver.<init>(ChromeDriver.java:104)
at org.openqa.selenium.chrome.ChromeDriver.<init>(ChromeDriver.java:91)
at org.openqa.selenium.chrome.ChromeDriver.<init>(ChromeDriver.java:46)
at resolver.pages.ReusableMethods.setupDriver(ReusableMethods.java:14)
at resolver.tests.BaseTest.setUp(BaseTest.java:15)
at java.base/java.util.ArrayList.forEach(ArrayList.java:1597)
... Removed 29 stack frames]]>
    </failure>
  </testcase> <!-- @BeforeMethod setUp -->
  <testcase classname="resolver.tests.BaseTest" name="@AfterMethod tearDown" time="0.0">
    <skipped/>
  </testcase> <!-- @AfterMethod tearDown -->
  <testcase classname="resolver.tests.BaseTest" name="@BeforeMethod setUp" time="3.834">
    <failure type="org.openqa.selenium.remote.http.ConnectionFailedException" message="Unable to establish websocket connection to http://localhost:57270/devtools/browser/40fbdfe6-f493-4bfe-a323-6a5ce55290aa
Build info: version: &amp;apos;4.0.0&amp;apos;, revision: &amp;apos;3a21814679&amp;apos;
System info: host: &amp;apos;YOGENDRA&amp;apos;, ip: &amp;apos;192.168.2.26&amp;apos;, os.name: &amp;apos;Windows 11&amp;apos;, os.arch: &amp;apos;amd64&amp;apos;, os.version: &amp;apos;10.0&amp;apos;, java.version: &amp;apos;22&amp;apos;
Driver info: driver.version: ChromeDriver">
      <![CDATA[org.openqa.selenium.remote.http.ConnectionFailedException: Unable to establish websocket connection to http://localhost:57270/devtools/browser/40fbdfe6-f493-4bfe-a323-6a5ce55290aa
Build info: version: '4.0.0', revision: '3a21814679'
System info: host: 'YOGENDRA', ip: '192.168.2.26', os.name: 'Windows 11', os.arch: 'amd64', os.version: '10.0', java.version: '22'
Driver info: driver.version: ChromeDriver
at org.openqa.selenium.remote.http.netty.NettyWebSocket.<init>(NettyWebSocket.java:104)
at org.openqa.selenium.remote.http.netty.NettyWebSocket.lambda$create$3(NettyWebSocket.java:137)
at org.openqa.selenium.remote.http.netty.NettyClient.openSocket(NettyClient.java:127)
at org.openqa.selenium.devtools.Connection.<init>(Connection.java:77)
at org.openqa.selenium.chromium.ChromiumDriver.lambda$new$2(ChromiumDriver.java:124)
at java.base/java.util.Optional.map(Optional.java:260)
at org.openqa.selenium.chromium.ChromiumDriver.<init>(ChromiumDriver.java:122)
at org.openqa.selenium.chrome.ChromeDriver.<init>(ChromeDriver.java:104)
at org.openqa.selenium.chrome.ChromeDriver.<init>(ChromeDriver.java:91)
at org.openqa.selenium.chrome.ChromeDriver.<init>(ChromeDriver.java:46)
at resolver.pages.ReusableMethods.setupDriver(ReusableMethods.java:14)
at resolver.tests.BaseTest.setUp(BaseTest.java:15)
at java.base/java.util.ArrayList.forEach(ArrayList.java:1597)
... Removed 29 stack frames]]>
    </failure>
  </testcase> <!-- @BeforeMethod setUp -->
  <testcase classname="resolver.tests.BaseTest" name="@AfterMethod tearDown" time="0.0">
    <skipped/>
  </testcase> <!-- @AfterMethod tearDown -->
  <testcase classname="resolver.tests.BaseTest" name="@BeforeMethod setUp" time="3.514">
    <failure type="org.openqa.selenium.remote.http.ConnectionFailedException" message="Unable to establish websocket connection to http://localhost:57286/devtools/browser/e1995bd5-10e5-41c3-9111-f21b485e97c1
Build info: version: &amp;apos;4.0.0&amp;apos;, revision: &amp;apos;3a21814679&amp;apos;
System info: host: &amp;apos;YOGENDRA&amp;apos;, ip: &amp;apos;192.168.2.26&amp;apos;, os.name: &amp;apos;Windows 11&amp;apos;, os.arch: &amp;apos;amd64&amp;apos;, os.version: &amp;apos;10.0&amp;apos;, java.version: &amp;apos;22&amp;apos;
Driver info: driver.version: ChromeDriver">
      <![CDATA[org.openqa.selenium.remote.http.ConnectionFailedException: Unable to establish websocket connection to http://localhost:57286/devtools/browser/e1995bd5-10e5-41c3-9111-f21b485e97c1
Build info: version: '4.0.0', revision: '3a21814679'
System info: host: 'YOGENDRA', ip: '192.168.2.26', os.name: 'Windows 11', os.arch: 'amd64', os.version: '10.0', java.version: '22'
Driver info: driver.version: ChromeDriver
at org.openqa.selenium.remote.http.netty.NettyWebSocket.<init>(NettyWebSocket.java:104)
at org.openqa.selenium.remote.http.netty.NettyWebSocket.lambda$create$3(NettyWebSocket.java:137)
at org.openqa.selenium.remote.http.netty.NettyClient.openSocket(NettyClient.java:127)
at org.openqa.selenium.devtools.Connection.<init>(Connection.java:77)
at org.openqa.selenium.chromium.ChromiumDriver.lambda$new$2(ChromiumDriver.java:124)
at java.base/java.util.Optional.map(Optional.java:260)
at org.openqa.selenium.chromium.ChromiumDriver.<init>(ChromiumDriver.java:122)
at org.openqa.selenium.chrome.ChromeDriver.<init>(ChromeDriver.java:104)
at org.openqa.selenium.chrome.ChromeDriver.<init>(ChromeDriver.java:91)
at org.openqa.selenium.chrome.ChromeDriver.<init>(ChromeDriver.java:46)
at resolver.pages.ReusableMethods.setupDriver(ReusableMethods.java:14)
at resolver.tests.BaseTest.setUp(BaseTest.java:15)
at java.base/java.util.ArrayList.forEach(ArrayList.java:1597)
... Removed 29 stack frames]]>
    </failure>
  </testcase> <!-- @BeforeMethod setUp -->
  <testcase classname="resolver.tests.BaseTest" name="@AfterMethod tearDown" time="0.0">
    <skipped/>
  </testcase> <!-- @AfterMethod tearDown -->
  <testcase classname="resolver.tests.BaseTest" name="@BeforeMethod setUp" time="5.689">
    <failure type="org.openqa.selenium.remote.http.ConnectionFailedException" message="Unable to establish websocket connection to http://localhost:57304/devtools/browser/44e95628-bf55-4b91-949c-439e52bbef01
Build info: version: &amp;apos;4.0.0&amp;apos;, revision: &amp;apos;3a21814679&amp;apos;
System info: host: &amp;apos;YOGENDRA&amp;apos;, ip: &amp;apos;192.168.2.26&amp;apos;, os.name: &amp;apos;Windows 11&amp;apos;, os.arch: &amp;apos;amd64&amp;apos;, os.version: &amp;apos;10.0&amp;apos;, java.version: &amp;apos;22&amp;apos;
Driver info: driver.version: ChromeDriver">
      <![CDATA[org.openqa.selenium.remote.http.ConnectionFailedException: Unable to establish websocket connection to http://localhost:57304/devtools/browser/44e95628-bf55-4b91-949c-439e52bbef01
Build info: version: '4.0.0', revision: '3a21814679'
System info: host: 'YOGENDRA', ip: '192.168.2.26', os.name: 'Windows 11', os.arch: 'amd64', os.version: '10.0', java.version: '22'
Driver info: driver.version: ChromeDriver
at org.openqa.selenium.remote.http.netty.NettyWebSocket.<init>(NettyWebSocket.java:104)
at org.openqa.selenium.remote.http.netty.NettyWebSocket.lambda$create$3(NettyWebSocket.java:137)
at org.openqa.selenium.remote.http.netty.NettyClient.openSocket(NettyClient.java:127)
at org.openqa.selenium.devtools.Connection.<init>(Connection.java:77)
at org.openqa.selenium.chromium.ChromiumDriver.lambda$new$2(ChromiumDriver.java:124)
at java.base/java.util.Optional.map(Optional.java:260)
at org.openqa.selenium.chromium.ChromiumDriver.<init>(ChromiumDriver.java:122)
at org.openqa.selenium.chrome.ChromeDriver.<init>(ChromeDriver.java:104)
at org.openqa.selenium.chrome.ChromeDriver.<init>(ChromeDriver.java:91)
at org.openqa.selenium.chrome.ChromeDriver.<init>(ChromeDriver.java:46)
at resolver.pages.ReusableMethods.setupDriver(ReusableMethods.java:14)
at resolver.tests.BaseTest.setUp(BaseTest.java:15)
at java.base/java.util.ArrayList.forEach(ArrayList.java:1597)
... Removed 29 stack frames]]>
    </failure>
  </testcase> <!-- @BeforeMethod setUp -->
  <testcase classname="resolver.tests.BaseTest" name="@AfterMethod tearDown" time="0.0">
    <skipped/>
  </testcase> <!-- @AfterMethod tearDown -->
  <testcase classname="resolver.tests.BaseTest" name="@BeforeMethod setUp" time="5.296">
    <failure type="org.openqa.selenium.remote.http.ConnectionFailedException" message="Unable to establish websocket connection to http://localhost:57326/devtools/browser/6a075c7e-4076-4c7d-83af-13d3ca5b8a7d
Build info: version: &amp;apos;4.0.0&amp;apos;, revision: &amp;apos;3a21814679&amp;apos;
System info: host: &amp;apos;YOGENDRA&amp;apos;, ip: &amp;apos;192.168.2.26&amp;apos;, os.name: &amp;apos;Windows 11&amp;apos;, os.arch: &amp;apos;amd64&amp;apos;, os.version: &amp;apos;10.0&amp;apos;, java.version: &amp;apos;22&amp;apos;
Driver info: driver.version: ChromeDriver">
      <![CDATA[org.openqa.selenium.remote.http.ConnectionFailedException: Unable to establish websocket connection to http://localhost:57326/devtools/browser/6a075c7e-4076-4c7d-83af-13d3ca5b8a7d
Build info: version: '4.0.0', revision: '3a21814679'
System info: host: 'YOGENDRA', ip: '192.168.2.26', os.name: 'Windows 11', os.arch: 'amd64', os.version: '10.0', java.version: '22'
Driver info: driver.version: ChromeDriver
at org.openqa.selenium.remote.http.netty.NettyWebSocket.<init>(NettyWebSocket.java:104)
at org.openqa.selenium.remote.http.netty.NettyWebSocket.lambda$create$3(NettyWebSocket.java:137)
at org.openqa.selenium.remote.http.netty.NettyClient.openSocket(NettyClient.java:127)
at org.openqa.selenium.devtools.Connection.<init>(Connection.java:77)
at org.openqa.selenium.chromium.ChromiumDriver.lambda$new$2(ChromiumDriver.java:124)
at java.base/java.util.Optional.map(Optional.java:260)
at org.openqa.selenium.chromium.ChromiumDriver.<init>(ChromiumDriver.java:122)
at org.openqa.selenium.chrome.ChromeDriver.<init>(ChromeDriver.java:104)
at org.openqa.selenium.chrome.ChromeDriver.<init>(ChromeDriver.java:91)
at org.openqa.selenium.chrome.ChromeDriver.<init>(ChromeDriver.java:46)
at resolver.pages.ReusableMethods.setupDriver(ReusableMethods.java:14)
at resolver.tests.BaseTest.setUp(BaseTest.java:15)
at java.base/java.util.ArrayList.forEach(ArrayList.java:1597)
... Removed 29 stack frames]]>
    </failure>
  </testcase> <!-- @BeforeMethod setUp -->
  <testcase classname="resolver.tests.BaseTest" name="@AfterMethod tearDown" time="0.0">
    <skipped/>
  </testcase> <!-- @AfterMethod tearDown -->
  <testcase classname="resolver.tests.BaseTest" name="@BeforeMethod setUp" time="5.697">
    <failure type="org.openqa.selenium.remote.http.ConnectionFailedException" message="Unable to establish websocket connection to http://localhost:57343/devtools/browser/4823c677-7a0b-44e8-934f-bbb8ebd4d669
Build info: version: &amp;apos;4.0.0&amp;apos;, revision: &amp;apos;3a21814679&amp;apos;
System info: host: &amp;apos;YOGENDRA&amp;apos;, ip: &amp;apos;192.168.2.26&amp;apos;, os.name: &amp;apos;Windows 11&amp;apos;, os.arch: &amp;apos;amd64&amp;apos;, os.version: &amp;apos;10.0&amp;apos;, java.version: &amp;apos;22&amp;apos;
Driver info: driver.version: ChromeDriver">
      <![CDATA[org.openqa.selenium.remote.http.ConnectionFailedException: Unable to establish websocket connection to http://localhost:57343/devtools/browser/4823c677-7a0b-44e8-934f-bbb8ebd4d669
Build info: version: '4.0.0', revision: '3a21814679'
System info: host: 'YOGENDRA', ip: '192.168.2.26', os.name: 'Windows 11', os.arch: 'amd64', os.version: '10.0', java.version: '22'
Driver info: driver.version: ChromeDriver
at org.openqa.selenium.remote.http.netty.NettyWebSocket.<init>(NettyWebSocket.java:104)
at org.openqa.selenium.remote.http.netty.NettyWebSocket.lambda$create$3(NettyWebSocket.java:137)
at org.openqa.selenium.remote.http.netty.NettyClient.openSocket(NettyClient.java:127)
at org.openqa.selenium.devtools.Connection.<init>(Connection.java:77)
at org.openqa.selenium.chromium.ChromiumDriver.lambda$new$2(ChromiumDriver.java:124)
at java.base/java.util.Optional.map(Optional.java:260)
at org.openqa.selenium.chromium.ChromiumDriver.<init>(ChromiumDriver.java:122)
at org.openqa.selenium.chrome.ChromeDriver.<init>(ChromeDriver.java:104)
at org.openqa.selenium.chrome.ChromeDriver.<init>(ChromeDriver.java:91)
at org.openqa.selenium.chrome.ChromeDriver.<init>(ChromeDriver.java:46)
at resolver.pages.ReusableMethods.setupDriver(ReusableMethods.java:14)
at resolver.tests.BaseTest.setUp(BaseTest.java:15)
at java.base/java.util.ArrayList.forEach(ArrayList.java:1597)
... Removed 29 stack frames]]>
    </failure>
  </testcase> <!-- @BeforeMethod setUp -->
  <testcase classname="resolver.tests.BaseTest" name="@AfterMethod tearDown" time="0.0">
    <skipped/>
  </testcase> <!-- @AfterMethod tearDown -->
  <testcase classname="resolver.tests.test5" name="Test5_SucessMessageValidation" time="0.001">
    <skipped/>
  </testcase> <!-- Test5_SucessMessageValidation -->
  <testcase classname="resolver.tests.test4" name="Test4_ButtonEnabledDisableValidation" time="0.0">
    <skipped/>
  </testcase> <!-- Test4_ButtonEnabledDisableValidation -->
  <testcase classname="resolver.tests.test6" name="test" time="0.0">
    <skipped/>
  </testcase> <!-- test -->
  <testcase classname="resolver.tests.test1" name="testLoginPageElementsVisibility" time="0.0">
    <skipped/>
  </testcase> <!-- testLoginPageElementsVisibility -->
  <testcase classname="resolver.tests.test3" name="Test3_DropDown" time="0.0">
    <skipped/>
  </testcase> <!-- Test3_DropDown -->
  <testcase classname="resolver.tests.test2" name="Test3_DropDown" time="0.004">
    <skipped/>
  </testcase> <!-- Test3_DropDown -->
</testsuite> <!-- Test -->
